<?xml version="1.0" encoding="UTF-8"?>
<testsuite xmlns:xsi="http://www.w3.org/2001/XMLSchema-instance" xsi:noNamespaceSchemaLocation="https://maven.apache.org/surefire/maven-surefire-plugin/xsd/surefire-test-report-3.0.xsd" version="3.0" name="com.gong.qweather.serviceImpl.QWeatherCityServiceImplTest" time="1.48" tests="2" errors="0" skipped="0" failures="0">
  <properties>
    <property name="java.specification.version" value="17"/>
    <property name="sun.cpu.isalist" value="amd64"/>
    <property name="sun.jnu.encoding" value="GBK"/>
    <property name="java.class.path" value="D:\project\Java-Framework\gong-qweather\target\test-classes;D:\project\Java-Framework\gong-qweather\target\classes;D:\project\Java-Framework\gong-core\target\gong-core-1.0.0.jar;C:\Users\15847\.m2\repository\org\springframework\boot\spring-boot-starter\3.1.3\spring-boot-starter-3.1.3.jar;C:\Users\15847\.m2\repository\org\springframework\boot\spring-boot\3.1.3\spring-boot-3.1.3.jar;C:\Users\15847\.m2\repository\org\springframework\spring-context\6.0.11\spring-context-6.0.11.jar;C:\Users\15847\.m2\repository\org\springframework\spring-aop\6.0.11\spring-aop-6.0.11.jar;C:\Users\15847\.m2\repository\org\springframework\spring-beans\6.0.11\spring-beans-6.0.11.jar;C:\Users\15847\.m2\repository\org\springframework\spring-expression\6.0.11\spring-expression-6.0.11.jar;C:\Users\15847\.m2\repository\org\springframework\boot\spring-boot-autoconfigure\3.1.3\spring-boot-autoconfigure-3.1.3.jar;C:\Users\15847\.m2\repository\org\springframework\boot\spring-boot-starter-logging\3.1.3\spring-boot-starter-logging-3.1.3.jar;C:\Users\15847\.m2\repository\ch\qos\logback\logback-classic\1.4.11\logback-classic-1.4.11.jar;C:\Users\15847\.m2\repository\ch\qos\logback\logback-core\1.4.11\logback-core-1.4.11.jar;C:\Users\15847\.m2\repository\org\apache\logging\log4j\log4j-to-slf4j\2.20.0\log4j-to-slf4j-2.20.0.jar;C:\Users\15847\.m2\repository\org\apache\logging\log4j\log4j-api\2.20.0\log4j-api-2.20.0.jar;C:\Users\15847\.m2\repository\org\slf4j\jul-to-slf4j\2.0.7\jul-to-slf4j-2.0.7.jar;C:\Users\15847\.m2\repository\jakarta\annotation\jakarta.annotation-api\2.1.1\jakarta.annotation-api-2.1.1.jar;C:\Users\15847\.m2\repository\org\springframework\spring-core\6.0.11\spring-core-6.0.11.jar;C:\Users\15847\.m2\repository\org\springframework\spring-jcl\6.0.11\spring-jcl-6.0.11.jar;C:\Users\15847\.m2\repository\org\yaml\snakeyaml\1.33\snakeyaml-1.33.jar;C:\Users\15847\.m2\repository\org\springframework\boot\spring-boot-starter-test\3.1.3\spring-boot-starter-test-3.1.3.jar;C:\Users\15847\.m2\repository\org\springframework\boot\spring-boot-test\3.1.3\spring-boot-test-3.1.3.jar;C:\Users\15847\.m2\repository\org\springframework\boot\spring-boot-test-autoconfigure\3.1.3\spring-boot-test-autoconfigure-3.1.3.jar;C:\Users\15847\.m2\repository\com\jayway\jsonpath\json-path\2.8.0\json-path-2.8.0.jar;C:\Users\15847\.m2\repository\org\slf4j\slf4j-api\2.0.7\slf4j-api-2.0.7.jar;C:\Users\15847\.m2\repository\jakarta\xml\bind\jakarta.xml.bind-api\4.0.0\jakarta.xml.bind-api-4.0.0.jar;C:\Users\15847\.m2\repository\jakarta\activation\jakarta.activation-api\2.1.2\jakarta.activation-api-2.1.2.jar;C:\Users\15847\.m2\repository\net\minidev\json-smart\2.4.11\json-smart-2.4.11.jar;C:\Users\15847\.m2\repository\net\minidev\accessors-smart\2.4.11\accessors-smart-2.4.11.jar;C:\Users\15847\.m2\repository\org\ow2\asm\asm\9.3\asm-9.3.jar;C:\Users\15847\.m2\repository\org\assertj\assertj-core\3.24.2\assertj-core-3.24.2.jar;C:\Users\15847\.m2\repository\net\bytebuddy\byte-buddy\1.14.6\byte-buddy-1.14.6.jar;C:\Users\15847\.m2\repository\org\hamcrest\hamcrest\2.2\hamcrest-2.2.jar;C:\Users\15847\.m2\repository\org\junit\jupiter\junit-jupiter\5.9.3\junit-jupiter-5.9.3.jar;C:\Users\15847\.m2\repository\org\junit\jupiter\junit-jupiter-api\5.9.3\junit-jupiter-api-5.9.3.jar;C:\Users\15847\.m2\repository\org\opentest4j\opentest4j\1.2.0\opentest4j-1.2.0.jar;C:\Users\15847\.m2\repository\org\junit\platform\junit-platform-commons\1.9.3\junit-platform-commons-1.9.3.jar;C:\Users\15847\.m2\repository\org\apiguardian\apiguardian-api\1.1.2\apiguardian-api-1.1.2.jar;C:\Users\15847\.m2\repository\org\junit\jupiter\junit-jupiter-params\5.9.3\junit-jupiter-params-5.9.3.jar;C:\Users\15847\.m2\repository\org\junit\jupiter\junit-jupiter-engine\5.9.3\junit-jupiter-engine-5.9.3.jar;C:\Users\15847\.m2\repository\org\junit\platform\junit-platform-engine\1.9.3\junit-platform-engine-1.9.3.jar;C:\Users\15847\.m2\repository\org\mockito\mockito-core\5.3.1\mockito-core-5.3.1.jar;C:\Users\15847\.m2\repository\net\bytebuddy\byte-buddy-agent\1.14.6\byte-buddy-agent-1.14.6.jar;C:\Users\15847\.m2\repository\org\objenesis\objenesis\3.3\objenesis-3.3.jar;C:\Users\15847\.m2\repository\org\mockito\mockito-junit-jupiter\5.3.1\mockito-junit-jupiter-5.3.1.jar;C:\Users\15847\.m2\repository\org\skyscreamer\jsonassert\1.5.1\jsonassert-1.5.1.jar;C:\Users\15847\.m2\repository\com\vaadin\external\google\android-json\0.0.20131108.vaadin1\android-json-0.0.20131108.vaadin1.jar;C:\Users\15847\.m2\repository\org\springframework\spring-test\6.0.11\spring-test-6.0.11.jar;C:\Users\15847\.m2\repository\org\xmlunit\xmlunit-core\2.9.1\xmlunit-core-2.9.1.jar;C:\Users\15847\.m2\repository\org\springframework\boot\spring-boot-configuration-processor\3.1.3\spring-boot-configuration-processor-3.1.3.jar;C:\Users\15847\.m2\repository\com\squareup\okhttp3\okhttp\3.14.9\okhttp-3.14.9.jar;C:\Users\15847\.m2\repository\com\squareup\okio\okio\1.17.2\okio-1.17.2.jar;C:\Users\15847\.m2\repository\com\alibaba\fastjson\1.2.83\fastjson-1.2.83.jar;C:\Users\15847\.m2\repository\org\apache\commons\commons-lang3\3.12.0\commons-lang3-3.12.0.jar;C:\Users\15847\.m2\repository\org\apache\commons\commons-collections4\4.4\commons-collections4-4.4.jar;C:\Users\15847\.m2\repository\javax\annotation\javax.annotation-api\1.3.2\javax.annotation-api-1.3.2.jar;C:\Users\15847\.m2\repository\org\projectlombok\lombok\1.18.28\lombok-1.18.28.jar;"/>
    <property name="java.vm.vendor" value="Oracle Corporation"/>
    <property name="sun.arch.data.model" value="64"/>
    <property name="user.variant" value=""/>
    <property name="java.vendor.url" value="https://java.oracle.com/"/>
    <property name="user.timezone" value="Asia/Shanghai"/>
    <property name="os.name" value="Windows 10"/>
    <property name="java.vm.specification.version" value="17"/>
    <property name="sun.java.launcher" value="SUN_STANDARD"/>
    <property name="user.country" value="CN"/>
    <property name="sun.boot.library.path" value="C:\Program Files\Java\jdk-17\bin"/>
    <property name="sun.java.command" value="C:\Users\15847\AppData\Local\Temp\surefire16225595095564861834\surefirebooter-20230826190615016_31.jar C:\Users\15847\AppData\Local\Temp\surefire16225595095564861834 2023-08-26T19-05-50_679-jvmRun1 surefire-20230826190615016_29tmp surefire_6-20230826190615016_30tmp"/>
    <property name="jdk.debug" value="release"/>
    <property name="surefire.test.class.path" value="D:\project\Java-Framework\gong-qweather\target\test-classes;D:\project\Java-Framework\gong-qweather\target\classes;D:\project\Java-Framework\gong-core\target\gong-core-1.0.0.jar;C:\Users\15847\.m2\repository\org\springframework\boot\spring-boot-starter\3.1.3\spring-boot-starter-3.1.3.jar;C:\Users\15847\.m2\repository\org\springframework\boot\spring-boot\3.1.3\spring-boot-3.1.3.jar;C:\Users\15847\.m2\repository\org\springframework\spring-context\6.0.11\spring-context-6.0.11.jar;C:\Users\15847\.m2\repository\org\springframework\spring-aop\6.0.11\spring-aop-6.0.11.jar;C:\Users\15847\.m2\repository\org\springframework\spring-beans\6.0.11\spring-beans-6.0.11.jar;C:\Users\15847\.m2\repository\org\springframework\spring-expression\6.0.11\spring-expression-6.0.11.jar;C:\Users\15847\.m2\repository\org\springframework\boot\spring-boot-autoconfigure\3.1.3\spring-boot-autoconfigure-3.1.3.jar;C:\Users\15847\.m2\repository\org\springframework\boot\spring-boot-starter-logging\3.1.3\spring-boot-starter-logging-3.1.3.jar;C:\Users\15847\.m2\repository\ch\qos\logback\logback-classic\1.4.11\logback-classic-1.4.11.jar;C:\Users\15847\.m2\repository\ch\qos\logback\logback-core\1.4.11\logback-core-1.4.11.jar;C:\Users\15847\.m2\repository\org\apache\logging\log4j\log4j-to-slf4j\2.20.0\log4j-to-slf4j-2.20.0.jar;C:\Users\15847\.m2\repository\org\apache\logging\log4j\log4j-api\2.20.0\log4j-api-2.20.0.jar;C:\Users\15847\.m2\repository\org\slf4j\jul-to-slf4j\2.0.7\jul-to-slf4j-2.0.7.jar;C:\Users\15847\.m2\repository\jakarta\annotation\jakarta.annotation-api\2.1.1\jakarta.annotation-api-2.1.1.jar;C:\Users\15847\.m2\repository\org\springframework\spring-core\6.0.11\spring-core-6.0.11.jar;C:\Users\15847\.m2\repository\org\springframework\spring-jcl\6.0.11\spring-jcl-6.0.11.jar;C:\Users\15847\.m2\repository\org\yaml\snakeyaml\1.33\snakeyaml-1.33.jar;C:\Users\15847\.m2\repository\org\springframework\boot\spring-boot-starter-test\3.1.3\spring-boot-starter-test-3.1.3.jar;C:\Users\15847\.m2\repository\org\springframework\boot\spring-boot-test\3.1.3\spring-boot-test-3.1.3.jar;C:\Users\15847\.m2\repository\org\springframework\boot\spring-boot-test-autoconfigure\3.1.3\spring-boot-test-autoconfigure-3.1.3.jar;C:\Users\15847\.m2\repository\com\jayway\jsonpath\json-path\2.8.0\json-path-2.8.0.jar;C:\Users\15847\.m2\repository\org\slf4j\slf4j-api\2.0.7\slf4j-api-2.0.7.jar;C:\Users\15847\.m2\repository\jakarta\xml\bind\jakarta.xml.bind-api\4.0.0\jakarta.xml.bind-api-4.0.0.jar;C:\Users\15847\.m2\repository\jakarta\activation\jakarta.activation-api\2.1.2\jakarta.activation-api-2.1.2.jar;C:\Users\15847\.m2\repository\net\minidev\json-smart\2.4.11\json-smart-2.4.11.jar;C:\Users\15847\.m2\repository\net\minidev\accessors-smart\2.4.11\accessors-smart-2.4.11.jar;C:\Users\15847\.m2\repository\org\ow2\asm\asm\9.3\asm-9.3.jar;C:\Users\15847\.m2\repository\org\assertj\assertj-core\3.24.2\assertj-core-3.24.2.jar;C:\Users\15847\.m2\repository\net\bytebuddy\byte-buddy\1.14.6\byte-buddy-1.14.6.jar;C:\Users\15847\.m2\repository\org\hamcrest\hamcrest\2.2\hamcrest-2.2.jar;C:\Users\15847\.m2\repository\org\junit\jupiter\junit-jupiter\5.9.3\junit-jupiter-5.9.3.jar;C:\Users\15847\.m2\repository\org\junit\jupiter\junit-jupiter-api\5.9.3\junit-jupiter-api-5.9.3.jar;C:\Users\15847\.m2\repository\org\opentest4j\opentest4j\1.2.0\opentest4j-1.2.0.jar;C:\Users\15847\.m2\repository\org\junit\platform\junit-platform-commons\1.9.3\junit-platform-commons-1.9.3.jar;C:\Users\15847\.m2\repository\org\apiguardian\apiguardian-api\1.1.2\apiguardian-api-1.1.2.jar;C:\Users\15847\.m2\repository\org\junit\jupiter\junit-jupiter-params\5.9.3\junit-jupiter-params-5.9.3.jar;C:\Users\15847\.m2\repository\org\junit\jupiter\junit-jupiter-engine\5.9.3\junit-jupiter-engine-5.9.3.jar;C:\Users\15847\.m2\repository\org\junit\platform\junit-platform-engine\1.9.3\junit-platform-engine-1.9.3.jar;C:\Users\15847\.m2\repository\org\mockito\mockito-core\5.3.1\mockito-core-5.3.1.jar;C:\Users\15847\.m2\repository\net\bytebuddy\byte-buddy-agent\1.14.6\byte-buddy-agent-1.14.6.jar;C:\Users\15847\.m2\repository\org\objenesis\objenesis\3.3\objenesis-3.3.jar;C:\Users\15847\.m2\repository\org\mockito\mockito-junit-jupiter\5.3.1\mockito-junit-jupiter-5.3.1.jar;C:\Users\15847\.m2\repository\org\skyscreamer\jsonassert\1.5.1\jsonassert-1.5.1.jar;C:\Users\15847\.m2\repository\com\vaadin\external\google\android-json\0.0.20131108.vaadin1\android-json-0.0.20131108.vaadin1.jar;C:\Users\15847\.m2\repository\org\springframework\spring-test\6.0.11\spring-test-6.0.11.jar;C:\Users\15847\.m2\repository\org\xmlunit\xmlunit-core\2.9.1\xmlunit-core-2.9.1.jar;C:\Users\15847\.m2\repository\org\springframework\boot\spring-boot-configuration-processor\3.1.3\spring-boot-configuration-processor-3.1.3.jar;C:\Users\15847\.m2\repository\com\squareup\okhttp3\okhttp\3.14.9\okhttp-3.14.9.jar;C:\Users\15847\.m2\repository\com\squareup\okio\okio\1.17.2\okio-1.17.2.jar;C:\Users\15847\.m2\repository\com\alibaba\fastjson\1.2.83\fastjson-1.2.83.jar;C:\Users\15847\.m2\repository\org\apache\commons\commons-lang3\3.12.0\commons-lang3-3.12.0.jar;C:\Users\15847\.m2\repository\org\apache\commons\commons-collections4\4.4\commons-collections4-4.4.jar;C:\Users\15847\.m2\repository\javax\annotation\javax.annotation-api\1.3.2\javax.annotation-api-1.3.2.jar;C:\Users\15847\.m2\repository\org\projectlombok\lombok\1.18.28\lombok-1.18.28.jar;"/>
    <property name="sun.cpu.endian" value="little"/>
    <property name="user.home" value="C:\Users\15847"/>
    <property name="user.language" value="zh"/>
    <property name="java.specification.vendor" value="Oracle Corporation"/>
    <property name="java.version.date" value="2023-07-18"/>
    <property name="java.home" value="C:\Program Files\Java\jdk-17"/>
    <property name="file.separator" value="\"/>
    <property name="basedir" value="D:\project\Java-Framework\gong-qweather"/>
    <property name="java.vm.compressedOopsMode" value="Zero based"/>
    <property name="line.separator" value="&#10;"/>
    <property name="java.vm.specification.vendor" value="Oracle Corporation"/>
    <property name="java.specification.name" value="Java Platform API Specification"/>
    <property name="FILE_LOG_CHARSET" value="GBK"/>
    <property name="java.awt.headless" value="true"/>
    <property name="surefire.real.class.path" value="C:\Users\15847\AppData\Local\Temp\surefire16225595095564861834\surefirebooter-20230826190615016_31.jar"/>
    <property name="user.script" value=""/>
    <property name="sun.management.compiler" value="HotSpot 64-Bit Tiered Compilers"/>
    <property name="java.runtime.version" value="17.0.8+9-LTS-211"/>
    <property name="user.name" value="15847"/>
    <property name="path.separator" value=";"/>
    <property name="os.version" value="10.0"/>
    <property name="java.runtime.name" value="Java(TM) SE Runtime Environment"/>
    <property name="file.encoding" value="GBK"/>
    <property name="java.vm.name" value="Java HotSpot(TM) 64-Bit Server VM"/>
    <property name="localRepository" value="C:\Users\15847\.m2\repository"/>
    <property name="java.vendor.url.bug" value="https://bugreport.java.com/bugreport/"/>
    <property name="java.io.tmpdir" value="C:\Users\15847\AppData\Local\Temp\"/>
    <property name="idea.version" value="2023.2.1"/>
    <property name="java.version" value="17.0.8"/>
    <property name="user.dir" value="D:\project\Java-Framework\gong-qweather"/>
    <property name="os.arch" value="amd64"/>
    <property name="java.vm.specification.name" value="Java Virtual Machine Specification"/>
    <property name="PID" value="15780"/>
    <property name="sun.os.patch.level" value=""/>
    <property name="CONSOLE_LOG_CHARSET" value="GBK"/>
    <property name="native.encoding" value="GBK"/>
    <property name="java.library.path" value="C:\Program Files\Java\jdk-17\bin;C:\Windows\Sun\Java\bin;C:\Windows\system32;C:\Windows;C:\Program Files\Common Files\Oracle\Java\javapath;C:\Program Files (x86)\Common Files\Oracle\Java\javapath;C:\Windows\system32;C:\Windows;C:\Windows\System32\Wbem;C:\Windows\System32\WindowsPowerShell\v1.0\;C:\Windows\System32\OpenSSH\;C:\Program Files\dotnet\;C:\Program Files (x86)\NVIDIA Corporation\PhysX\Common;C:\Program Files\Java\jdk1.8.0_202\bin;C:\DevEnvs\apache-maven-3.9.4\bin;C:\DevEnvs\mysql-8.0.34-winx64\bin;C:\Program Files\nodejs\;C:\Users\15847\AppData\Local\Microsoft\WindowsApps;;C:\Program Files\JetBrains\IntelliJ IDEA 2023.2.1\bin;;C:\Program Files\JetBrains\WebStorm 2023.2.1\bin;;C:\Users\15847\AppData\Local\Programs\Microsoft VS Code\bin;C:\Users\15847\AppData\Roaming\npm;."/>
    <property name="java.vm.info" value="mixed mode, sharing"/>
    <property name="java.vendor" value="Oracle Corporation"/>
    <property name="java.vm.version" value="17.0.8+9-LTS-211"/>
    <property name="sun.io.unicode.encoding" value="UnicodeLittle"/>
    <property name="maven.repo.local" value="C:\Users\15847\.m2\repository"/>
    <property name="java.class.version" value="61.0"/>
  </properties>
  <testcase name="testGetCityInfo" classname="com.gong.qweather.serviceImpl.QWeatherCityServiceImplTest" time="1.426">
    <system-out><![CDATA[2023-08-26T19:06:16.510+08:00  INFO 15780 --- [           main] t.c.s.AnnotationConfigContextLoaderUtils : Could not detect default configuration classes for test class [com.gong.qweather.serviceImpl.QWeatherCityServiceImplTest]: QWeatherCityServiceImplTest does not declare any static, non-private, non-final, nested classes annotated with @Configuration.
2023-08-26T19:06:16.514+08:00  INFO 15780 --- [           main] .b.t.c.SpringBootTestContextBootstrapper : Found @SpringBootConfiguration com.gong.qweather.GongWeatherApplication for test class com.gong.qweather.serviceImpl.QWeatherCityServiceImplTest
2023-08-26T19:06:16.519+08:00  INFO 15780 --- [           main] c.g.q.s.QWeatherCityServiceImpl          : qweather city request url : https://geoapi.qweather.com/v2/city/lookup?location=北京&key=1670ec93ade64d46a35bff01b3808b20
2023-08-26T19:06:17.887+08:00  INFO 15780 --- [           main] c.g.q.s.QWeatherCityServiceImpl          : qweather city response : {"code":"200","location":[{"name":"北京","id":"101010100","lat":"39.90499","lon":"116.40529","adm2":"北京","adm1":"北京市","country":"中国","tz":"Asia/Shanghai","utcOffset":"+08:00","isDst":"0","type":"city","rank":"10","fxLink":"https://www.qweather.com/weather/beijing-101010100.html"},{"name":"海淀","id":"101010200","lat":"39.95607","lon":"116.31032","adm2":"北京","adm1":"北京市","country":"中国","tz":"Asia/Shanghai","utcOffset":"+08:00","isDst":"0","type":"city","rank":"15","fxLink":"https://www.qweather.com/weather/haidian-101010200.html"},{"name":"朝阳","id":"101010300","lat":"39.92149","lon":"116.48641","adm2":"北京","adm1":"北京市","country":"中国","tz":"Asia/Shanghai","utcOffset":"+08:00","isDst":"0","type":"city","rank":"15","fxLink":"https://www.qweather.com/weather/chaoyang-101010300.html"},{"name":"昌平","id":"101010700","lat":"40.21809","lon":"116.23591","adm2":"北京","adm1":"北京市","country":"中国","tz":"Asia/Shanghai","utcOffset":"+08:00","isDst":"0","type":"city","rank":"23","fxLink":"https://www.qweather.com/weather/changping-101010700.html"},{"name":"房山","id":"101011200","lat":"39.73554","lon":"116.13916","adm2":"北京","adm1":"北京市","country":"中国","tz":"Asia/Shanghai","utcOffset":"+08:00","isDst":"0","type":"city","rank":"23","fxLink":"https://www.qweather.com/weather/fangshan-101011200.html"},{"name":"通州","id":"101010600","lat":"39.90249","lon":"116.65860","adm2":"北京","adm1":"北京市","country":"中国","tz":"Asia/Shanghai","utcOffset":"+08:00","isDst":"0","type":"city","rank":"23","fxLink":"https://www.qweather.com/weather/tongzhou-101010600.html"},{"name":"丰台","id":"101010900","lat":"39.86364","lon":"116.28696","adm2":"北京","adm1":"北京市","country":"中国","tz":"Asia/Shanghai","utcOffset":"+08:00","isDst":"0","type":"city","rank":"25","fxLink":"https://www.qweather.com/weather/fengtai-101010900.html"},{"name":"大兴","id":"101011100","lat":"39.72891","lon":"116.33804","adm2":"北京","adm1":"北京市","country":"中国","tz":"Asia/Shanghai","utcOffset":"+08:00","isDst":"0","type":"city","rank":"25","fxLink":"https://www.qweather.com/weather/daxing-101011100.html"},{"name":"延庆","id":"101010800","lat":"40.46532","lon":"115.98501","adm2":"北京","adm1":"北京市","country":"中国","tz":"Asia/Shanghai","utcOffset":"+08:00","isDst":"0","type":"city","rank":"33","fxLink":"https://www.qweather.com/weather/yanqing-101010800.html"},{"name":"平谷","id":"101011500","lat":"40.14478","lon":"117.11234","adm2":"北京","adm1":"北京市","country":"中国","tz":"Asia/Shanghai","utcOffset":"+08:00","isDst":"0","type":"city","rank":"33","fxLink":"https://www.qweather.com/weather/pinggu-101011500.html"}],"refer":{"sources":["QWeather"],"license":["QWeather Developers License"]}}
com.gong.qweather.entity.LocationResponse@8e99809
]]></system-out>
  </testcase>
  <testcase name="getCityInfo" classname="com.gong.qweather.serviceImpl.QWeatherCityServiceImplTest" time="0.039">
    <system-out><![CDATA[2023-08-26T19:06:17.945+08:00  INFO 15780 --- [           main] c.g.q.s.QWeatherCityServiceImpl          : qweather city request url : https://geoapi.qweather.com/v2/city/lookup?location=呼和浩特&key=1670ec93ade64d46a35bff01b3808b20
2023-08-26T19:06:17.981+08:00  INFO 15780 --- [           main] c.g.q.s.QWeatherCityServiceImpl          : qweather city response : {"code":"200","location":[{"name":"呼和浩特","id":"101080101","lat":"40.84213","lon":"111.74881","adm2":"呼和浩特","adm1":"内蒙古自治区","country":"中国","tz":"Asia/Shanghai","utcOffset":"+08:00","isDst":"0","type":"city","rank":"21","fxLink":"https://www.qweather.com/weather/hohhot-101080101.html"},{"name":"土左旗","id":"101080102","lat":"40.72904","lon":"111.16373","adm2":"呼和浩特","adm1":"内蒙古自治区","country":"中国","tz":"Asia/Shanghai","utcOffset":"+08:00","isDst":"0","type":"city","rank":"35","fxLink":"https://www.qweather.com/weather/tumed-left-banner-101080102.html"},{"name":"新城","id":"101080108","lat":"40.82623","lon":"111.68597","adm2":"呼和浩特","adm1":"内蒙古自治区","country":"中国","tz":"Asia/Shanghai","utcOffset":"+08:00","isDst":"0","type":"city","rank":"35","fxLink":"https://www.qweather.com/weather/xincheng-101080108.html"},{"name":"赛罕","id":"101080106","lat":"40.80784","lon":"111.69846","adm2":"呼和浩特","adm1":"内蒙古自治区","country":"中国","tz":"Asia/Shanghai","utcOffset":"+08:00","isDst":"0","type":"city","rank":"35","fxLink":"https://www.qweather.com/weather/saihan-101080106.html"},{"name":"回民","id":"101080109","lat":"40.81515","lon":"111.66216","adm2":"呼和浩特","adm1":"内蒙古自治区","country":"中国","tz":"Asia/Shanghai","utcOffset":"+08:00","isDst":"0","type":"city","rank":"35","fxLink":"https://www.qweather.com/weather/huimin-101080109.html"},{"name":"玉泉","id":"101080110","lat":"40.75305","lon":"111.67416","adm2":"呼和浩特","adm1":"内蒙古自治区","country":"中国","tz":"Asia/Shanghai","utcOffset":"+08:00","isDst":"0","type":"city","rank":"35","fxLink":"https://www.qweather.com/weather/yuquan-101080110.html"},{"name":"清水河","id":"101080105","lat":"39.91248","lon":"111.67222","adm2":"呼和浩特","adm1":"内蒙古自治区","country":"中国","tz":"Asia/Shanghai","utcOffset":"+08:00","isDst":"0","type":"city","rank":"43","fxLink":"https://www.qweather.com/weather/qingshuihe-101080105.html"},{"name":"托克托","id":"101080103","lat":"40.27770","lon":"111.19388","adm2":"呼和浩特","adm1":"内蒙古自治区","country":"中国","tz":"Asia/Shanghai","utcOffset":"+08:00","isDst":"0","type":"city","rank":"43","fxLink":"https://www.qweather.com/weather/togtoh-101080103.html"},{"name":"和林","id":"101080104","lat":"40.38029","lon":"111.82414","adm2":"呼和浩特","adm1":"内蒙古自治区","country":"中国","tz":"Asia/Shanghai","utcOffset":"+08:00","isDst":"0","type":"city","rank":"43","fxLink":"https://www.qweather.com/weather/horinger-101080104.html"},{"name":"武川","id":"101080107","lat":"41.09448","lon":"111.45657","adm2":"呼和浩特","adm1":"内蒙古自治区","country":"中国","tz":"Asia/Shanghai","utcOffset":"+08:00","isDst":"0","type":"city","rank":"45","fxLink":"https://www.qweather.com/weather/wuchuan-101080107.html"}],"refer":{"sources":["QWeather"],"license":["QWeather Developers License"]}}
com.gong.qweather.entity.LocationResponse@48bc2fce
]]></system-out>
  </testcase>
</testsuite>